This is pdfTeX, Version 3.141592653-2.6-1.40.23 (MiKTeX 21.10) (preloaded format=pdflatex 2021.10.9)  27 NOV 2021 15:22
entering extended mode
**./chapter1.tex
(chapter1.tex
LaTeX2e <2021-06-01> patch level 1
L3 programming layer <2021-08-27>
! Undefined control sequence.
l.1 \section
            {Î£Ï…Î½Î¿Ï€Ï„Î¹ÎºÎ® Î•Ï€Î¹ÏƒÎºÏŒÏ€Î·ÏƒÎ· Î ÏÎ¿ÏŒÎ´Î¿Ï…}
The control sequence at the end of the top line
of your error message was never \def'ed. If you have
misspelled it (e.g., `\hobx'), type `I' and the correct
spelling (e.g., `I\hbox'). Otherwise just continue,
and I'll forget about whatever was undefined.


! Package inputenc Error: Unicode character Î£ (U+03A3)
(inputenc)                not set up for use with LaTeX.

See the inputenc package documentation for explanation.
Type  H <return>  for immediate help.
 ...                                              
                                                  
l.1 \section{Î£
               Ï…Î½Î¿Ï€Ï„Î¹ÎºÎ® Î•Ï€Î¹ÏƒÎºÏŒÏ€Î·ÏƒÎ· Î ÏÎ¿ÏŒÎ´Î¿Ï…}
You may provide a definition with
\DeclareUnicodeCharacter 


! Package inputenc Error: Unicode character Ï… (U+03C5)
(inputenc)                not set up for use with LaTeX.

See the inputenc package documentation for explanation.
Type  H <return>  for immediate help.
 ...                                              
                                                  
l.1 \section{Î£Ï…
                 Î½Î¿Ï€Ï„Î¹ÎºÎ® Î•Ï€Î¹ÏƒÎºÏŒÏ€Î·ÏƒÎ· Î ÏÎ¿ÏŒÎ´Î¿Ï…}
You may provide a definition with
\DeclareUnicodeCharacter 


! Package inputenc Error: Unicode character Î½ (U+03BD)
(inputenc)                not set up for use with LaTeX.

See the inputenc package documentation for explanation.
Type  H <return>  for immediate help.
 ...                                              
                                                  
l.1 \section{Î£Ï…Î½
                   Î¿Ï€Ï„Î¹ÎºÎ® Î•Ï€Î¹ÏƒÎºÏŒÏ€Î·ÏƒÎ· Î ÏÎ¿ÏŒÎ´Î¿Ï…}
You may provide a definition with
\DeclareUnicodeCharacter 


! Package inputenc Error: Unicode character Î¿ (U+03BF)
(inputenc)                not set up for use with LaTeX.

See the inputenc package documentation for explanation.
Type  H <return>  for immediate help.
 ...                                              
                                                  
l.1 \section{Î£Ï…Î½Î¿
                     Ï€Ï„Î¹ÎºÎ® Î•Ï€Î¹ÏƒÎºÏŒÏ€Î·ÏƒÎ· Î ÏÎ¿ÏŒÎ´Î¿Ï…}
You may provide a definition with
\DeclareUnicodeCharacter 


! Package inputenc Error: Unicode character Ï€ (U+03C0)
(inputenc)                not set up for use with LaTeX.

See the inputenc package documentation for explanation.
Type  H <return>  for immediate help.
 ...                                              
                                                  
l.1 \section{Î£Ï…Î½Î¿Ï€
                       Ï„Î¹ÎºÎ® Î•Ï€Î¹ÏƒÎºÏŒÏ€Î·ÏƒÎ· Î ÏÎ¿ÏŒÎ´Î¿Ï…}
You may provide a definition with
\DeclareUnicodeCharacter 


! Package inputenc Error: Unicode character Ï„ (U+03C4)
(inputenc)                not set up for use with LaTeX.

See the inputenc package documentation for explanation.
Type  H <return>  for immediate help.
 ...                                              
                                                  
l.1 \section{Î£Ï…Î½Î¿Ï€Ï„
                         Î¹ÎºÎ® Î•Ï€Î¹ÏƒÎºÏŒÏ€Î·ÏƒÎ· Î ÏÎ¿ÏŒÎ´Î¿Ï…}
You may provide a definition with
\DeclareUnicodeCharacter 


! Package inputenc Error: Unicode character Î¹ (U+03B9)
(inputenc)                not set up for use with LaTeX.

See the inputenc package documentation for explanation.
Type  H <return>  for immediate help.
 ...                                              
                                                  
l.1 \section{Î£Ï…Î½Î¿Ï€Ï„Î¹
                           ÎºÎ® Î•Ï€Î¹ÏƒÎºÏŒÏ€Î·ÏƒÎ· Î ÏÎ¿ÏŒÎ´Î¿Ï…}
You may provide a definition with
\DeclareUnicodeCharacter 


! Package inputenc Error: Unicode character Îº (U+03BA)
(inputenc)                not set up for use with LaTeX.

See the inputenc package documentation for explanation.
Type  H <return>  for immediate help.
 ...                                              
                                                  
l.1 \section{Î£Ï…Î½Î¿Ï€Ï„Î¹Îº
                             Î® Î•Ï€Î¹ÏƒÎºÏŒÏ€Î·ÏƒÎ· Î ÏÎ¿ÏŒÎ´Î¿Ï…}
You may provide a definition with
\DeclareUnicodeCharacter 


! Package inputenc Error: Unicode character Î® (U+03AE)
(inputenc)                not set up for use with LaTeX.

See the inputenc package documentation for explanation.
Type  H <return>  for immediate help.
 ...                                              
                                                  
l.1 \section{Î£Ï…Î½Î¿Ï€Ï„Î¹ÎºÎ®
                                Î•Ï€Î¹ÏƒÎºÏŒÏ€Î·ÏƒÎ· Î ÏÎ¿ÏŒÎ´Î¿Ï…}
You may provide a definition with
\DeclareUnicodeCharacter 


! Package inputenc Error: Unicode character Î• (U+0395)
(inputenc)                not set up for use with LaTeX.

See the inputenc package documentation for explanation.
Type  H <return>  for immediate help.
 ...                                              
                                                  
l.1 \section{Î£Ï…Î½Î¿Ï€Ï„Î¹ÎºÎ® Î•
                                  Ï€Î¹ÏƒÎºÏŒÏ€Î·ÏƒÎ· Î ÏÎ¿ÏŒÎ´Î¿Ï…}
You may provide a definition with
\DeclareUnicodeCharacter 


! Package inputenc Error: Unicode character Ï€ (U+03C0)
(inputenc)                not set up for use with LaTeX.

See the inputenc package documentation for explanation.
Type  H <return>  for immediate help.
 ...                                              
                                                  
l.1 \section{Î£Ï…Î½Î¿Ï€Ï„Î¹ÎºÎ® Î•Ï€
                                    Î¹ÏƒÎºÏŒÏ€Î·ÏƒÎ· Î ÏÎ¿ÏŒÎ´Î¿Ï…}
You may provide a definition with
\DeclareUnicodeCharacter 


! Package inputenc Error: Unicode character Î¹ (U+03B9)
(inputenc)                not set up for use with LaTeX.

See the inputenc package documentation for explanation.
Type  H <return>  for immediate help.
 ...                                              
                                                  
l.1 \section{Î£Ï…Î½Î¿Ï€Ï„Î¹ÎºÎ® Î•Ï€Î¹
                                      ÏƒÎºÏŒÏ€Î·ÏƒÎ· Î ÏÎ¿ÏŒÎ´Î¿Ï…}
You may provide a definition with
\DeclareUnicodeCharacter 


! Package inputenc Error: Unicode character Ïƒ (U+03C3)
(inputenc)                not set up for use with LaTeX.

See the inputenc package documentation for explanation.
Type  H <return>  for immediate help.
 ...                                              
                                                  
l.1 \section{Î£Ï…Î½Î¿Ï€Ï„Î¹ÎºÎ® Î•Ï€Î¹Ïƒ
                                        ÎºÏŒÏ€Î·ÏƒÎ· Î ÏÎ¿ÏŒÎ´Î¿Ï…}
You may provide a definition with
\DeclareUnicodeCharacter 


! Package inputenc Error: Unicode character Îº (U+03BA)
(inputenc)                not set up for use with LaTeX.

See the inputenc package documentation for explanation.
Type  H <return>  for immediate help.
 ...                                              
                                                  
l.1 \section{Î£Ï…Î½Î¿Ï€Ï„Î¹ÎºÎ® Î•Ï€Î¹ÏƒÎº
                                          ÏŒÏ€Î·ÏƒÎ· Î ÏÎ¿ÏŒÎ´Î¿Ï…}
You may provide a definition with
\DeclareUnicodeCharacter 


! Package inputenc Error: Unicode character ÏŒ (U+03CC)
(inputenc)                not set up for use with LaTeX.

See the inputenc package documentation for explanation.
Type  H <return>  for immediate help.
 ...                                              
                                                  
l.1 \section{Î£Ï…Î½Î¿Ï€Ï„Î¹ÎºÎ® Î•Ï€Î¹ÏƒÎºÏŒ
                                            Ï€Î·ÏƒÎ· Î ÏÎ¿ÏŒÎ´Î¿Ï…}
You may provide a definition with
\DeclareUnicodeCharacter 


! Package inputenc Error: Unicode character Ï€ (U+03C0)
(inputenc)                not set up for use with LaTeX.

See the inputenc package documentation for explanation.
Type  H <return>  for immediate help.
 ...                                              
                                                  
l.1 \section{Î£Ï…Î½Î¿Ï€Ï„Î¹ÎºÎ® Î•Ï€Î¹ÏƒÎºÏŒÏ€
                                              Î·ÏƒÎ· Î ÏÎ¿ÏŒÎ´Î¿Ï…}
You may provide a definition with
\DeclareUnicodeCharacter 


! Package inputenc Error: Unicode character Î· (U+03B7)
(inputenc)                not set up for use with LaTeX.

See the inputenc package documentation for explanation.
Type  H <return>  for immediate help.
 ...                                              
                                                  
l.1 \section{Î£Ï…Î½Î¿Ï€Ï„Î¹ÎºÎ® Î•Ï€Î¹ÏƒÎºÏŒÏ€Î·
                                                ÏƒÎ· Î ÏÎ¿ÏŒÎ´Î¿Ï…}
You may provide a definition with
\DeclareUnicodeCharacter 


! Package inputenc Error: Unicode character Ïƒ (U+03C3)
(inputenc)                not set up for use with LaTeX.

See the inputenc package documentation for explanation.
Type  H <return>  for immediate help.
 ...                                              
                                                  
l.1 \section{Î£Ï…Î½Î¿Ï€Ï„Î¹ÎºÎ® Î•Ï€Î¹ÏƒÎºÏŒÏ€Î·Ïƒ
                                                  Î· Î ÏÎ¿ÏŒÎ´Î¿Ï…}
You may provide a definition with
\DeclareUnicodeCharacter 


! Package inputenc Error: Unicode character Î· (U+03B7)
(inputenc)                not set up for use with LaTeX.

See the inputenc package documentation for explanation.
Type  H <return>  for immediate help.
 ...                                              
                                                  
l.1 ...ion{Î£Ï…Î½Î¿Ï€Ï„Î¹ÎºÎ® Î•Ï€Î¹ÏƒÎºÏŒÏ€Î·ÏƒÎ·
                                                   Î ÏÎ¿ÏŒÎ´Î¿Ï…}
You may provide a definition with
\DeclareUnicodeCharacter 


! Package inputenc Error: Unicode character Î  (U+03A0)
(inputenc)                not set up for use with LaTeX.

See the inputenc package documentation for explanation.
Type  H <return>  for immediate help.
 ...                                              
                                                  
l.1 ...{Î£Ï…Î½Î¿Ï€Ï„Î¹ÎºÎ® Î•Ï€Î¹ÏƒÎºÏŒÏ€Î·ÏƒÎ· Î 
                                                  ÏÎ¿ÏŒÎ´Î¿Ï…}
You may provide a definition with
\DeclareUnicodeCharacter 


! Package inputenc Error: Unicode character Ï (U+03C1)
(inputenc)                not set up for use with LaTeX.

See the inputenc package documentation for explanation.
Type  H <return>  for immediate help.
 ...                                              
                                                  
l.1 ...£Ï…Î½Î¿Ï€Ï„Î¹ÎºÎ® Î•Ï€Î¹ÏƒÎºÏŒÏ€Î·ÏƒÎ· Î Ï
                                                  Î¿ÏŒÎ´Î¿Ï…}
You may provide a definition with
\DeclareUnicodeCharacter 


! Package inputenc Error: Unicode character Î¿ (U+03BF)
(inputenc)                not set up for use with LaTeX.

See the inputenc package documentation for explanation.
Type  H <return>  for immediate help.
 ...                                              
                                                  
l.1 ...…Î½Î¿Ï€Ï„Î¹ÎºÎ® Î•Ï€Î¹ÏƒÎºÏŒÏ€Î·ÏƒÎ· Î ÏÎ¿
                                                  ÏŒÎ´Î¿Ï…}
You may provide a definition with
\DeclareUnicodeCharacter 


! Package inputenc Error: Unicode character ÏŒ (U+03CC)
(inputenc)                not set up for use with LaTeX.

See the inputenc package documentation for explanation.
Type  H <return>  for immediate help.
 ...                                              
                                                  
l.1 ...½Î¿Ï€Ï„Î¹ÎºÎ® Î•Ï€Î¹ÏƒÎºÏŒÏ€Î·ÏƒÎ· Î ÏÎ¿ÏŒ
                                                  Î´Î¿Ï…}
You may provide a definition with
\DeclareUnicodeCharacter 


! Package inputenc Error: Unicode character Î´ (U+03B4)
(inputenc)                not set up for use with LaTeX.

See the inputenc package documentation for explanation.
Type  H <return>  for immediate help.
 ...                                              
                                                  
l.1 ...¿Ï€Ï„Î¹ÎºÎ® Î•Ï€Î¹ÏƒÎºÏŒÏ€Î·ÏƒÎ· Î ÏÎ¿ÏŒÎ´
                                                  Î¿Ï…}
You may provide a definition with
\DeclareUnicodeCharacter 


! Package inputenc Error: Unicode character Î¿ (U+03BF)
(inputenc)                not set up for use with LaTeX.

See the inputenc package documentation for explanation.
Type  H <return>  for immediate help.
 ...                                              
                                                  
l.1 ...€Ï„Î¹ÎºÎ® Î•Ï€Î¹ÏƒÎºÏŒÏ€Î·ÏƒÎ· Î ÏÎ¿ÏŒÎ´Î¿
                                                  Ï…}
You may provide a definition with
\DeclareUnicodeCharacter 


! Package inputenc Error: Unicode character Ï… (U+03C5)
(inputenc)                not set up for use with LaTeX.

See the inputenc package documentation for explanation.
Type  H <return>  for immediate help.
 ...                                              
                                                  
l.1 ...„Î¹ÎºÎ® Î•Ï€Î¹ÏƒÎºÏŒÏ€Î·ÏƒÎ· Î ÏÎ¿ÏŒÎ´Î¿Ï…
                                                  }
You may provide a definition with
\DeclareUnicodeCharacter 

)
! Emergency stop.
<*> ./chapter1.tex
                  
*** (job aborted, no legal \end found)

 
Here is how much of TeX's memory you used:
 34 strings out of 478927
 764 string characters out of 2853009
 290175 words of memory out of 3000000
 17994 multiletter control sequences out of 15000+600000
 403430 words of font info for 27 fonts, out of 8000000 for 9000
 1141 hyphenation exceptions out of 8191
 13i,0n,12p,110b,32s stack positions out of 5000i,500n,10000p,200000b,80000s
!  ==> Fatal error occurred, no output PDF file produced!
