This is pdfTeX, Version 3.141592653-2.6-1.40.23 (TeX Live 2021/Arch Linux) (preloaded format=pdflatex 2021.12.28)  8 JAN 2022 23:09
entering extended mode
 restricted \write18 enabled.
 %&-line parsing enabled.
**chapter1.tex
(./chapter1.tex
LaTeX2e <2021-11-15> patch level 1
L3 programming layer <2021-11-22>
! Undefined control sequence.
l.1 \chapter
            {Î•Î¹ÏƒÎ±Î³Ï‰Î³Î®}
The control sequence at the end of the top line
of your error message was never \def'ed. If you have
misspelled it (e.g., `\hobx'), type `I' and the correct
spelling (e.g., `I\hbox'). Otherwise just continue,
and I'll forget about whatever was undefined.


! LaTeX Error: Unicode character Î• (U+0395)
               not set up for use with LaTeX.

See the LaTeX manual or LaTeX Companion for explanation.
Type  H <return>  for immediate help.
 ...                                              
                                                  
l.1 \chapter{Î•
               Î¹ÏƒÎ±Î³Ï‰Î³Î®}
You may provide a definition with
\DeclareUnicodeCharacter 


! LaTeX Error: Unicode character Î¹ (U+03B9)
               not set up for use with LaTeX.

See the LaTeX manual or LaTeX Companion for explanation.
Type  H <return>  for immediate help.
 ...                                              
                                                  
l.1 \chapter{Î•Î¹
                 ÏƒÎ±Î³Ï‰Î³Î®}
You may provide a definition with
\DeclareUnicodeCharacter 


! LaTeX Error: Unicode character Ïƒ (U+03C3)
               not set up for use with LaTeX.

See the LaTeX manual or LaTeX Companion for explanation.
Type  H <return>  for immediate help.
 ...                                              
                                                  
l.1 \chapter{Î•Î¹Ïƒ
                   Î±Î³Ï‰Î³Î®}
You may provide a definition with
\DeclareUnicodeCharacter 


! LaTeX Error: Unicode character Î± (U+03B1)
               not set up for use with LaTeX.

See the LaTeX manual or LaTeX Companion for explanation.
Type  H <return>  for immediate help.
 ...                                              
                                                  
l.1 \chapter{Î•Î¹ÏƒÎ±
                     Î³Ï‰Î³Î®}
You may provide a definition with
\DeclareUnicodeCharacter 


! LaTeX Error: Unicode character Î³ (U+03B3)
               not set up for use with LaTeX.

See the LaTeX manual or LaTeX Companion for explanation.
Type  H <return>  for immediate help.
 ...                                              
                                                  
l.1 \chapter{Î•Î¹ÏƒÎ±Î³
                       Ï‰Î³Î®}
You may provide a definition with
\DeclareUnicodeCharacter 


! LaTeX Error: Unicode character Ï‰ (U+03C9)
               not set up for use with LaTeX.

See the LaTeX manual or LaTeX Companion for explanation.
Type  H <return>  for immediate help.
 ...                                              
                                                  
l.1 \chapter{Î•Î¹ÏƒÎ±Î³Ï‰
                         Î³Î®}
You may provide a definition with
\DeclareUnicodeCharacter 


! LaTeX Error: Unicode character Î³ (U+03B3)
               not set up for use with LaTeX.

See the LaTeX manual or LaTeX Companion for explanation.
Type  H <return>  for immediate help.
 ...                                              
                                                  
l.1 \chapter{Î•Î¹ÏƒÎ±Î³Ï‰Î³
                           Î®}
You may provide a definition with
\DeclareUnicodeCharacter 


! LaTeX Error: Unicode character Î® (U+03AE)
               not set up for use with LaTeX.

See the LaTeX manual or LaTeX Companion for explanation.
Type  H <return>  for immediate help.
 ...                                              
                                                  
l.1 \chapter{Î•Î¹ÏƒÎ±Î³Ï‰Î³Î®
                             }
You may provide a definition with
\DeclareUnicodeCharacter 


! LaTeX Error: Unicode character Î£ (U+03A3)
               not set up for use with LaTeX.

See the LaTeX manual or LaTeX Companion for explanation.
Type  H <return>  for immediate help.
 ...                                              
                                                  
l.3 Î£
      Ï„Î·Î½ Î±ÎºÏŒÎ»Î¿Ï…Î¸Î· Î±Î½Î±Ï†Î¿ÏÎ¬ Ï€Î±ÏÎ¿Ï…ÏƒÎ¹Î¬Î¶ÎµÏ„Î±Î¹ Î­Î½...

You may provide a definition with
\DeclareUnicodeCharacter 


! LaTeX Error: Unicode character Ï„ (U+03C4)
               not set up for use with LaTeX.

See the LaTeX manual or LaTeX Companion for explanation.
Type  H <return>  for immediate help.
 ...                                              
                                                  
l.3 Î£Ï„
        Î·Î½ Î±ÎºÏŒÎ»Î¿Ï…Î¸Î· Î±Î½Î±Ï†Î¿ÏÎ¬ Ï€Î±ÏÎ¿Ï…ÏƒÎ¹Î¬Î¶ÎµÏ„Î±Î¹ Î­Î½...

You may provide a definition with
\DeclareUnicodeCharacter 


! LaTeX Error: Unicode character Î· (U+03B7)
               not set up for use with LaTeX.

See the LaTeX manual or LaTeX Companion for explanation.
Type  H <return>  for immediate help.
 ...                                              
                                                  
l.3 Î£Ï„Î·
          Î½ Î±ÎºÏŒÎ»Î¿Ï…Î¸Î· Î±Î½Î±Ï†Î¿ÏÎ¬ Ï€Î±ÏÎ¿Ï…ÏƒÎ¹Î¬Î¶ÎµÏ„Î±Î¹ Î­Î½...

You may provide a definition with
\DeclareUnicodeCharacter 


! LaTeX Error: Unicode character Î½ (U+03BD)
               not set up for use with LaTeX.

See the LaTeX manual or LaTeX Companion for explanation.
Type  H <return>  for immediate help.
 ...                                              
                                                  
l.3 Î£Ï„Î·Î½
             Î±ÎºÏŒÎ»Î¿Ï…Î¸Î· Î±Î½Î±Ï†Î¿ÏÎ¬ Ï€Î±ÏÎ¿Ï…ÏƒÎ¹Î¬Î¶ÎµÏ„Î±Î¹ Î­Î½...

You may provide a definition with
\DeclareUnicodeCharacter 


! LaTeX Error: Unicode character Î± (U+03B1)
               not set up for use with LaTeX.

See the LaTeX manual or LaTeX Companion for explanation.
Type  H <return>  for immediate help.
 ...                                              
                                                  
l.3 Î£Ï„Î·Î½ Î±
               ÎºÏŒÎ»Î¿Ï…Î¸Î· Î±Î½Î±Ï†Î¿ÏÎ¬ Ï€Î±ÏÎ¿Ï…ÏƒÎ¹Î¬Î¶ÎµÏ„Î±Î¹ Î­Î½...

You may provide a definition with
\DeclareUnicodeCharacter 


! LaTeX Error: Unicode character Îº (U+03BA)
               not set up for use with LaTeX.

See the LaTeX manual or LaTeX Companion for explanation.
Type  H <return>  for immediate help.
 ...                                              
                                                  
l.3 Î£Ï„Î·Î½ Î±Îº
                 ÏŒÎ»Î¿Ï…Î¸Î· Î±Î½Î±Ï†Î¿ÏÎ¬ Ï€Î±ÏÎ¿Ï…ÏƒÎ¹Î¬Î¶ÎµÏ„Î±Î¹ Î­Î½...

You may provide a definition with
\DeclareUnicodeCharacter 


! LaTeX Error: Unicode character ÏŒ (U+03CC)
               not set up for use with LaTeX.

See the LaTeX manual or LaTeX Companion for explanation.
Type  H <return>  for immediate help.
 ...                                              
                                                  
l.3 Î£Ï„Î·Î½ Î±ÎºÏŒ
                   Î»Î¿Ï…Î¸Î· Î±Î½Î±Ï†Î¿ÏÎ¬ Ï€Î±ÏÎ¿Ï…ÏƒÎ¹Î¬Î¶ÎµÏ„Î±Î¹ Î­Î½...

You may provide a definition with
\DeclareUnicodeCharacter 


! LaTeX Error: Unicode character Î» (U+03BB)
               not set up for use with LaTeX.

See the LaTeX manual or LaTeX Companion for explanation.
Type  H <return>  for immediate help.
 ...                                              
                                                  
l.3 Î£Ï„Î·Î½ Î±ÎºÏŒÎ»
                     Î¿Ï…Î¸Î· Î±Î½Î±Ï†Î¿ÏÎ¬ Ï€Î±ÏÎ¿Ï…ÏƒÎ¹Î¬Î¶ÎµÏ„Î±Î¹ Î­Î½...

You may provide a definition with
\DeclareUnicodeCharacter 


! LaTeX Error: Unicode character Î¿ (U+03BF)
               not set up for use with LaTeX.

See the LaTeX manual or LaTeX Companion for explanation.
Type  H <return>  for immediate help.
 ...                                              
                                                  
l.3 Î£Ï„Î·Î½ Î±ÎºÏŒÎ»Î¿
                       Ï…Î¸Î· Î±Î½Î±Ï†Î¿ÏÎ¬ Ï€Î±ÏÎ¿Ï…ÏƒÎ¹Î¬Î¶ÎµÏ„Î±Î¹ Î­Î½...

You may provide a definition with
\DeclareUnicodeCharacter 


! LaTeX Error: Unicode character Ï… (U+03C5)
               not set up for use with LaTeX.

See the LaTeX manual or LaTeX Companion for explanation.
Type  H <return>  for immediate help.
 ...                                              
                                                  
l.3 Î£Ï„Î·Î½ Î±ÎºÏŒÎ»Î¿Ï…
                         Î¸Î· Î±Î½Î±Ï†Î¿ÏÎ¬ Ï€Î±ÏÎ¿Ï…ÏƒÎ¹Î¬Î¶ÎµÏ„Î±Î¹ Î­Î½...

You may provide a definition with
\DeclareUnicodeCharacter 


! LaTeX Error: Unicode character Î¸ (U+03B8)
               not set up for use with LaTeX.

See the LaTeX manual or LaTeX Companion for explanation.
Type  H <return>  for immediate help.
 ...                                              
                                                  
l.3 Î£Ï„Î·Î½ Î±ÎºÏŒÎ»Î¿Ï…Î¸
                           Î· Î±Î½Î±Ï†Î¿ÏÎ¬ Ï€Î±ÏÎ¿Ï…ÏƒÎ¹Î¬Î¶ÎµÏ„Î±Î¹ Î­Î½...

You may provide a definition with
\DeclareUnicodeCharacter 


! LaTeX Error: Unicode character Î· (U+03B7)
               not set up for use with LaTeX.

See the LaTeX manual or LaTeX Companion for explanation.
Type  H <return>  for immediate help.
 ...                                              
                                                  
l.3 Î£Ï„Î·Î½ Î±ÎºÏŒÎ»Î¿Ï…Î¸Î·
                              Î±Î½Î±Ï†Î¿ÏÎ¬ Ï€Î±ÏÎ¿Ï…ÏƒÎ¹Î¬Î¶ÎµÏ„Î±Î¹ Î­Î½...

You may provide a definition with
\DeclareUnicodeCharacter 


! LaTeX Error: Unicode character Î± (U+03B1)
               not set up for use with LaTeX.

See the LaTeX manual or LaTeX Companion for explanation.
Type  H <return>  for immediate help.
 ...                                              
                                                  
l.3 Î£Ï„Î·Î½ Î±ÎºÏŒÎ»Î¿Ï…Î¸Î· Î±
                                Î½Î±Ï†Î¿ÏÎ¬ Ï€Î±ÏÎ¿Ï…ÏƒÎ¹Î¬Î¶ÎµÏ„Î±Î¹ Î­Î½...

You may provide a definition with
\DeclareUnicodeCharacter 


! LaTeX Error: Unicode character Î½ (U+03BD)
               not set up for use with LaTeX.

See the LaTeX manual or LaTeX Companion for explanation.
Type  H <return>  for immediate help.
 ...                                              
                                                  
l.3 Î£Ï„Î·Î½ Î±ÎºÏŒÎ»Î¿Ï…Î¸Î· Î±Î½
                                  Î±Ï†Î¿ÏÎ¬ Ï€Î±ÏÎ¿Ï…ÏƒÎ¹Î¬Î¶ÎµÏ„Î±Î¹ Î­Î½...

You may provide a definition with
\DeclareUnicodeCharacter 


! LaTeX Error: Unicode character Î± (U+03B1)
               not set up for use with LaTeX.

See the LaTeX manual or LaTeX Companion for explanation.
Type  H <return>  for immediate help.
 ...                                              
                                                  
l.3 Î£Ï„Î·Î½ Î±ÎºÏŒÎ»Î¿Ï…Î¸Î· Î±Î½Î±
                                    Ï†Î¿ÏÎ¬ Ï€Î±ÏÎ¿Ï…ÏƒÎ¹Î¬Î¶ÎµÏ„Î±Î¹ Î­Î½...

You may provide a definition with
\DeclareUnicodeCharacter 


! LaTeX Error: Unicode character Ï† (U+03C6)
               not set up for use with LaTeX.

See the LaTeX manual or LaTeX Companion for explanation.
Type  H <return>  for immediate help.
 ...                                              
                                                  
l.3 Î£Ï„Î·Î½ Î±ÎºÏŒÎ»Î¿Ï…Î¸Î· Î±Î½Î±Ï†
                                      Î¿ÏÎ¬ Ï€Î±ÏÎ¿Ï…ÏƒÎ¹Î¬Î¶ÎµÏ„Î±Î¹ Î­Î½...

You may provide a definition with
\DeclareUnicodeCharacter 


! LaTeX Error: Unicode character Î¿ (U+03BF)
               not set up for use with LaTeX.

See the LaTeX manual or LaTeX Companion for explanation.
Type  H <return>  for immediate help.
 ...                                              
                                                  
l.3 Î£Ï„Î·Î½ Î±ÎºÏŒÎ»Î¿Ï…Î¸Î· Î±Î½Î±Ï†Î¿
                                        ÏÎ¬ Ï€Î±ÏÎ¿Ï…ÏƒÎ¹Î¬Î¶ÎµÏ„Î±Î¹ Î­Î½...

You may provide a definition with
\DeclareUnicodeCharacter 


! LaTeX Error: Unicode character Ï (U+03C1)
               not set up for use with LaTeX.

See the LaTeX manual or LaTeX Companion for explanation.
Type  H <return>  for immediate help.
 ...                                              
                                                  
l.3 Î£Ï„Î·Î½ Î±ÎºÏŒÎ»Î¿Ï…Î¸Î· Î±Î½Î±Ï†Î¿Ï
                                          Î¬ Ï€Î±ÏÎ¿Ï…ÏƒÎ¹Î¬Î¶ÎµÏ„Î±Î¹ Î­Î½...

You may provide a definition with
\DeclareUnicodeCharacter 


! LaTeX Error: Unicode character Î¬ (U+03AC)
               not set up for use with LaTeX.

See the LaTeX manual or LaTeX Companion for explanation.
Type  H <return>  for immediate help.
 ...                                              
                                                  
l.3 Î£Ï„Î·Î½ Î±ÎºÏŒÎ»Î¿Ï…Î¸Î· Î±Î½Î±Ï†Î¿ÏÎ¬
                                             Ï€Î±ÏÎ¿Ï…ÏƒÎ¹Î¬Î¶ÎµÏ„Î±Î¹ Î­Î½...

You may provide a definition with
\DeclareUnicodeCharacter 


! LaTeX Error: Unicode character Ï€ (U+03C0)
               not set up for use with LaTeX.

See the LaTeX manual or LaTeX Companion for explanation.
Type  H <return>  for immediate help.
 ...                                              
                                                  
l.3 Î£Ï„Î·Î½ Î±ÎºÏŒÎ»Î¿Ï…Î¸Î· Î±Î½Î±Ï†Î¿ÏÎ¬ Ï€
                                               Î±ÏÎ¿Ï…ÏƒÎ¹Î¬Î¶ÎµÏ„Î±Î¹ Î­Î½...

You may provide a definition with
\DeclareUnicodeCharacter 


! LaTeX Error: Unicode character Î± (U+03B1)
               not set up for use with LaTeX.

See the LaTeX manual or LaTeX Companion for explanation.
Type  H <return>  for immediate help.
 ...                                              
                                                  
l.3 Î£Ï„Î·Î½ Î±ÎºÏŒÎ»Î¿Ï…Î¸Î· Î±Î½Î±Ï†Î¿ÏÎ¬ Ï€Î±
                                                 ÏÎ¿Ï…ÏƒÎ¹Î¬Î¶ÎµÏ„Î±Î¹ Î­Î½...

You may provide a definition with
\DeclareUnicodeCharacter 


! LaTeX Error: Unicode character Ï (U+03C1)
               not set up for use with LaTeX.

See the LaTeX manual or LaTeX Companion for explanation.
Type  H <return>  for immediate help.
 ...                                              
                                                  
l.3 ...Î·Î½ Î±ÎºÏŒÎ»Î¿Ï…Î¸Î· Î±Î½Î±Ï†Î¿ÏÎ¬ Ï€Î±Ï
                                                  Î¿Ï…ÏƒÎ¹Î¬Î¶ÎµÏ„Î±Î¹ Î­Î½Î...

You may provide a definition with
\DeclareUnicodeCharacter 


! LaTeX Error: Unicode character Î¿ (U+03BF)
               not set up for use with LaTeX.

See the LaTeX manual or LaTeX Companion for explanation.
Type  H <return>  for immediate help.
 ...                                              
                                                  
l.3 ...Î½ Î±ÎºÏŒÎ»Î¿Ï…Î¸Î· Î±Î½Î±Ï†Î¿ÏÎ¬ Ï€Î±ÏÎ¿
                                                  Ï…ÏƒÎ¹Î¬Î¶ÎµÏ„Î±Î¹ Î­Î½Î± ...

You may provide a definition with
\DeclareUnicodeCharacter 


! LaTeX Error: Unicode character Ï… (U+03C5)
               not set up for use with LaTeX.

See the LaTeX manual or LaTeX Companion for explanation.
Type  H <return>  for immediate help.
 ...                                              
                                                  
l.3 ... Î±ÎºÏŒÎ»Î¿Ï…Î¸Î· Î±Î½Î±Ï†Î¿ÏÎ¬ Ï€Î±ÏÎ¿Ï…
                                                  ÏƒÎ¹Î¬Î¶ÎµÏ„Î±Î¹ Î­Î½Î± Ï€...

You may provide a definition with
\DeclareUnicodeCharacter 


! LaTeX Error: Unicode character Ïƒ (U+03C3)
               not set up for use with LaTeX.

See the LaTeX manual or LaTeX Companion for explanation.
Type  H <return>  for immediate help.
 ...                                              
                                                  
l.3 ...±ÎºÏŒÎ»Î¿Ï…Î¸Î· Î±Î½Î±Ï†Î¿ÏÎ¬ Ï€Î±ÏÎ¿Ï…Ïƒ
                                                  Î¹Î¬Î¶ÎµÏ„Î±Î¹ Î­Î½Î± Ï€Î»...

You may provide a definition with
\DeclareUnicodeCharacter 


! LaTeX Error: Unicode character Î¹ (U+03B9)
               not set up for use with LaTeX.

See the LaTeX manual or LaTeX Companion for explanation.
Type  H <return>  for immediate help.
 ...                                              
                                                  
l.3 ...ºÏŒÎ»Î¿Ï…Î¸Î· Î±Î½Î±Ï†Î¿ÏÎ¬ Ï€Î±ÏÎ¿Ï…ÏƒÎ¹
                                                  Î¬Î¶ÎµÏ„Î±Î¹ Î­Î½Î± Ï€Î»Î·...

You may provide a definition with
\DeclareUnicodeCharacter 


! LaTeX Error: Unicode character Î¬ (U+03AC)
               not set up for use with LaTeX.

See the LaTeX manual or LaTeX Companion for explanation.
Type  H <return>  for immediate help.
 ...                                              
                                                  
l.3 ...ŒÎ»Î¿Ï…Î¸Î· Î±Î½Î±Ï†Î¿ÏÎ¬ Ï€Î±ÏÎ¿Ï…ÏƒÎ¹Î¬
                                                  Î¶ÎµÏ„Î±Î¹ Î­Î½Î± Ï€Î»Î·Ï...

You may provide a definition with
\DeclareUnicodeCharacter 


! LaTeX Error: Unicode character Î¶ (U+03B6)
               not set up for use with LaTeX.

See the LaTeX manual or LaTeX Companion for explanation.
Type  H <return>  for immediate help.
 ...                                              
                                                  
l.3 ...»Î¿Ï…Î¸Î· Î±Î½Î±Ï†Î¿ÏÎ¬ Ï€Î±ÏÎ¿Ï…ÏƒÎ¹Î¬Î¶
                                                  ÎµÏ„Î±Î¹ Î­Î½Î± Ï€Î»Î·ÏÎ¿...

You may provide a definition with
\DeclareUnicodeCharacter 


! LaTeX Error: Unicode character Îµ (U+03B5)
               not set up for use with LaTeX.

See the LaTeX manual or LaTeX Companion for explanation.
Type  H <return>  for immediate help.
 ...                                              
                                                  
l.3 ...¿Ï…Î¸Î· Î±Î½Î±Ï†Î¿ÏÎ¬ Ï€Î±ÏÎ¿Ï…ÏƒÎ¹Î¬Î¶Îµ
                                                  Ï„Î±Î¹ Î­Î½Î± Ï€Î»Î·ÏÎ¿Ï†...

You may provide a definition with
\DeclareUnicodeCharacter 


! LaTeX Error: Unicode character Ï„ (U+03C4)
               not set up for use with LaTeX.

See the LaTeX manual or LaTeX Companion for explanation.
Type  H <return>  for immediate help.
 ...                                              
                                                  
l.3 ...…Î¸Î· Î±Î½Î±Ï†Î¿ÏÎ¬ Ï€Î±ÏÎ¿Ï…ÏƒÎ¹Î¬Î¶ÎµÏ„
                                                  Î±Î¹ Î­Î½Î± Ï€Î»Î·ÏÎ¿Ï†Î¿...

You may provide a definition with
\DeclareUnicodeCharacter 


! LaTeX Error: Unicode character Î± (U+03B1)
               not set up for use with LaTeX.

See the LaTeX manual or LaTeX Companion for explanation.
Type  H <return>  for immediate help.
 ...                                              
                                                  
l.3 ...¸Î· Î±Î½Î±Ï†Î¿ÏÎ¬ Ï€Î±ÏÎ¿Ï…ÏƒÎ¹Î¬Î¶ÎµÏ„Î±
                                                  Î¹ Î­Î½Î± Ï€Î»Î·ÏÎ¿Ï†Î¿Ï...

You may provide a definition with
\DeclareUnicodeCharacter 


! LaTeX Error: Unicode character Î¹ (U+03B9)
               not set up for use with LaTeX.

See the LaTeX manual or LaTeX Companion for explanation.
Type  H <return>  for immediate help.
 ...                                              
                                                  
l.3 ...· Î±Î½Î±Ï†Î¿ÏÎ¬ Ï€Î±ÏÎ¿Ï…ÏƒÎ¹Î¬Î¶ÎµÏ„Î±Î¹
                                                   Î­Î½Î± Ï€Î»Î·ÏÎ¿Ï†Î¿ÏÎ¹...

You may provide a definition with
\DeclareUnicodeCharacter 


! LaTeX Error: Unicode character Î­ (U+03AD)
               not set up for use with LaTeX.

See the LaTeX manual or LaTeX Companion for explanation.
Type  H <return>  for immediate help.
 ...                                              
                                                  
l.3 ...±Î½Î±Ï†Î¿ÏÎ¬ Ï€Î±ÏÎ¿Ï…ÏƒÎ¹Î¬Î¶ÎµÏ„Î±Î¹ Î­
                                                  Î½Î± Ï€Î»Î·ÏÎ¿Ï†Î¿ÏÎ¹Î±Î...

You may provide a definition with
\DeclareUnicodeCharacter 


! LaTeX Error: Unicode character Î½ (U+03BD)
               not set up for use with LaTeX.

See the LaTeX manual or LaTeX Companion for explanation.
Type  H <return>  for immediate help.
 ...                                              
                                                  
l.3 ...½Î±Ï†Î¿ÏÎ¬ Ï€Î±ÏÎ¿Ï…ÏƒÎ¹Î¬Î¶ÎµÏ„Î±Î¹ Î­Î½
                                                  Î± Ï€Î»Î·ÏÎ¿Ï†Î¿ÏÎ¹Î±ÎºÏ...

You may provide a definition with
\DeclareUnicodeCharacter 


! LaTeX Error: Unicode character Î± (U+03B1)
               not set up for use with LaTeX.

See the LaTeX manual or LaTeX Companion for explanation.
Type  H <return>  for immediate help.
 ...                                              
                                                  
l.3 ...±Ï†Î¿ÏÎ¬ Ï€Î±ÏÎ¿Ï…ÏƒÎ¹Î¬Î¶ÎµÏ„Î±Î¹ Î­Î½Î±
                                                   Ï€Î»Î·ÏÎ¿Ï†Î¿ÏÎ¹Î±ÎºÏŒ ...

You may provide a definition with
\DeclareUnicodeCharacter 


! LaTeX Error: Unicode character Ï€ (U+03C0)
               not set up for use with LaTeX.

See the LaTeX manual or LaTeX Companion for explanation.
Type  H <return>  for immediate help.
 ...                                              
                                                  
l.3 ...Î¿ÏÎ¬ Ï€Î±ÏÎ¿Ï…ÏƒÎ¹Î¬Î¶ÎµÏ„Î±Î¹ Î­Î½Î± Ï€
                                                  Î»Î·ÏÎ¿Ï†Î¿ÏÎ¹Î±ÎºÏŒ ÏƒÏ...

You may provide a definition with
\DeclareUnicodeCharacter 


! LaTeX Error: Unicode character Î» (U+03BB)
               not set up for use with LaTeX.

See the LaTeX manual or LaTeX Companion for explanation.
Type  H <return>  for immediate help.
 ...                                              
                                                  
l.3 ...ÏÎ¬ Ï€Î±ÏÎ¿Ï…ÏƒÎ¹Î¬Î¶ÎµÏ„Î±Î¹ Î­Î½Î± Ï€Î»
                                                  Î·ÏÎ¿Ï†Î¿ÏÎ¹Î±ÎºÏŒ ÏƒÏÏ...

You may provide a definition with
\DeclareUnicodeCharacter 


! LaTeX Error: Unicode character Î· (U+03B7)
               not set up for use with LaTeX.

See the LaTeX manual or LaTeX Companion for explanation.
Type  H <return>  for immediate help.
 ...                                              
                                                  
l.3 ...Î¬ Ï€Î±ÏÎ¿Ï…ÏƒÎ¹Î¬Î¶ÎµÏ„Î±Î¹ Î­Î½Î± Ï€Î»Î·
                                                  ÏÎ¿Ï†Î¿ÏÎ¹Î±ÎºÏŒ ÏƒÏÏƒÏ...

You may provide a definition with
\DeclareUnicodeCharacter 


! LaTeX Error: Unicode character Ï (U+03C1)
               not set up for use with LaTeX.

See the LaTeX manual or LaTeX Companion for explanation.
Type  H <return>  for immediate help.
 ...                                              
                                                  
l.3 ... Ï€Î±ÏÎ¿Ï…ÏƒÎ¹Î¬Î¶ÎµÏ„Î±Î¹ Î­Î½Î± Ï€Î»Î·Ï
                                                  Î¿Ï†Î¿ÏÎ¹Î±ÎºÏŒ ÏƒÏÏƒÏ„Î...

You may provide a definition with
\DeclareUnicodeCharacter 


! LaTeX Error: Unicode character Î¿ (U+03BF)
               not set up for use with LaTeX.

See the LaTeX manual or LaTeX Companion for explanation.
Type  H <return>  for immediate help.
 ...                                              
                                                  
l.3 ...€Î±ÏÎ¿Ï…ÏƒÎ¹Î¬Î¶ÎµÏ„Î±Î¹ Î­Î½Î± Ï€Î»Î·ÏÎ¿
                                                  Ï†Î¿ÏÎ¹Î±ÎºÏŒ ÏƒÏÏƒÏ„Î·Î...

You may provide a definition with
\DeclareUnicodeCharacter 


! LaTeX Error: Unicode character Ï† (U+03C6)
               not set up for use with LaTeX.

See the LaTeX manual or LaTeX Companion for explanation.
Type  H <return>  for immediate help.
 ...                                              
                                                  
l.3 ...±ÏÎ¿Ï…ÏƒÎ¹Î¬Î¶ÎµÏ„Î±Î¹ Î­Î½Î± Ï€Î»Î·ÏÎ¿Ï†
                                                  Î¿ÏÎ¹Î±ÎºÏŒ ÏƒÏÏƒÏ„Î·Î¼Î...

You may provide a definition with
\DeclareUnicodeCharacter 


! LaTeX Error: Unicode character Î¿ (U+03BF)
               not set up for use with LaTeX.

See the LaTeX manual or LaTeX Companion for explanation.
Type  H <return>  for immediate help.
 ...                                              
                                                  
l.3 ...Î¿Ï…ÏƒÎ¹Î¬Î¶ÎµÏ„Î±Î¹ Î­Î½Î± Ï€Î»Î·ÏÎ¿Ï†Î¿
                                                  ÏÎ¹Î±ÎºÏŒ ÏƒÏÏƒÏ„Î·Î¼Î± ...

You may provide a definition with
\DeclareUnicodeCharacter 


! LaTeX Error: Unicode character Ï (U+03C1)
               not set up for use with LaTeX.

See the LaTeX manual or LaTeX Companion for explanation.
Type  H <return>  for immediate help.
 ...                                              
                                                  
l.3 ...¿Ï…ÏƒÎ¹Î¬Î¶ÎµÏ„Î±Î¹ Î­Î½Î± Ï€Î»Î·ÏÎ¿Ï†Î¿Ï
                                                  Î¹Î±ÎºÏŒ ÏƒÏÏƒÏ„Î·Î¼Î± Ï€...

You may provide a definition with
\DeclareUnicodeCharacter 


! LaTeX Error: Unicode character Î¹ (U+03B9)
               not set up for use with LaTeX.

See the LaTeX manual or LaTeX Companion for explanation.
Type  H <return>  for immediate help.
 ...                                              
                                                  
l.3 ...…ÏƒÎ¹Î¬Î¶ÎµÏ„Î±Î¹ Î­Î½Î± Ï€Î»Î·ÏÎ¿Ï†Î¿ÏÎ¹
                                                  Î±ÎºÏŒ ÏƒÏÏƒÏ„Î·Î¼Î± Ï€Î¿Ï…
You may provide a definition with
\DeclareUnicodeCharacter 


! LaTeX Error: Unicode character Î± (U+03B1)
               not set up for use with LaTeX.

See the LaTeX manual or LaTeX Companion for explanation.
Type  H <return>  for immediate help.
 ...                                              
                                                  
l.3 ...ƒÎ¹Î¬Î¶ÎµÏ„Î±Î¹ Î­Î½Î± Ï€Î»Î·ÏÎ¿Ï†Î¿ÏÎ¹Î±
                                                  ÎºÏŒ ÏƒÏÏƒÏ„Î·Î¼Î± Ï€Î¿Ï…
You may provide a definition with
\DeclareUnicodeCharacter 


! LaTeX Error: Unicode character Îº (U+03BA)
               not set up for use with LaTeX.

See the LaTeX manual or LaTeX Companion for explanation.
Type  H <return>  for immediate help.
 ...                                              
                                                  
l.3 ...¹Î¬Î¶ÎµÏ„Î±Î¹ Î­Î½Î± Ï€Î»Î·ÏÎ¿Ï†Î¿ÏÎ¹Î±Îº
                                                  ÏŒ ÏƒÏÏƒÏ„Î·Î¼Î± Ï€Î¿Ï…
You may provide a definition with
\DeclareUnicodeCharacter 


! LaTeX Error: Unicode character ÏŒ (U+03CC)
               not set up for use with LaTeX.

See the LaTeX manual or LaTeX Companion for explanation.
Type  H <return>  for immediate help.
 ...                                              
                                                  
l.3 ...¬Î¶ÎµÏ„Î±Î¹ Î­Î½Î± Ï€Î»Î·ÏÎ¿Ï†Î¿ÏÎ¹Î±ÎºÏŒ
                                                   ÏƒÏÏƒÏ„Î·Î¼Î± Ï€Î¿Ï…
You may provide a definition with
\DeclareUnicodeCharacter 


! LaTeX Error: Unicode character Ïƒ (U+03C3)
               not set up for use with LaTeX.

See the LaTeX manual or LaTeX Companion for explanation.
Type  H <return>  for immediate help.
 ...                                              
                                                  
l.3 ...ÎµÏ„Î±Î¹ Î­Î½Î± Ï€Î»Î·ÏÎ¿Ï†Î¿ÏÎ¹Î±ÎºÏŒ Ïƒ
                                                  ÏÏƒÏ„Î·Î¼Î± Ï€Î¿Ï…
You may provide a definition with
\DeclareUnicodeCharacter 


! LaTeX Error: Unicode character Ï (U+03CD)
               not set up for use with LaTeX.

See the LaTeX manual or LaTeX Companion for explanation.
Type  H <return>  for immediate help.
 ...                                              
                                                  
l.3 ...Ï„Î±Î¹ Î­Î½Î± Ï€Î»Î·ÏÎ¿Ï†Î¿ÏÎ¹Î±ÎºÏŒ ÏƒÏ
                                                  ÏƒÏ„Î·Î¼Î± Ï€Î¿Ï…
You may provide a definition with
\DeclareUnicodeCharacter 


! LaTeX Error: Unicode character Ïƒ (U+03C3)
               not set up for use with LaTeX.

See the LaTeX manual or LaTeX Companion for explanation.
Type  H <return>  for immediate help.
 ...                                              
                                                  
l.3 ...Î±Î¹ Î­Î½Î± Ï€Î»Î·ÏÎ¿Ï†Î¿ÏÎ¹Î±ÎºÏŒ ÏƒÏÏƒ
                                                  Ï„Î·Î¼Î± Ï€Î¿Ï…
You may provide a definition with
\DeclareUnicodeCharacter 


! LaTeX Error: Unicode character Ï„ (U+03C4)
               not set up for use with LaTeX.

See the LaTeX manual or LaTeX Companion for explanation.
Type  H <return>  for immediate help.
 ...                                              
                                                  
l.3 ...Î¹ Î­Î½Î± Ï€Î»Î·ÏÎ¿Ï†Î¿ÏÎ¹Î±ÎºÏŒ ÏƒÏÏƒÏ„
                                                  Î·Î¼Î± Ï€Î¿Ï…
You may provide a definition with
\DeclareUnicodeCharacter 


! LaTeX Error: Unicode character Î· (U+03B7)
               not set up for use with LaTeX.

See the LaTeX manual or LaTeX Companion for explanation.
Type  H <return>  for immediate help.
 ...                                              
                                                  
l.3 ... Î­Î½Î± Ï€Î»Î·ÏÎ¿Ï†Î¿ÏÎ¹Î±ÎºÏŒ ÏƒÏÏƒÏ„Î·
                                                  Î¼Î± Ï€Î¿Ï…
You may provide a definition with
\DeclareUnicodeCharacter 


! LaTeX Error: Unicode character Î¼ (U+03BC)
               not set up for use with LaTeX.

See the LaTeX manual or LaTeX Companion for explanation.
Type  H <return>  for immediate help.
 ...                                              
                                                  
l.3 ...­Î½Î± Ï€Î»Î·ÏÎ¿Ï†Î¿ÏÎ¹Î±ÎºÏŒ ÏƒÏÏƒÏ„Î·Î¼
                                                  Î± Ï€Î¿Ï…
You may provide a definition with
\DeclareUnicodeCharacter 


! LaTeX Error: Unicode character Î± (U+03B1)
               not set up for use with LaTeX.

See the LaTeX manual or LaTeX Companion for explanation.
Type  H <return>  for immediate help.
 ...                                              
                                                  
l.3 ...½Î± Ï€Î»Î·ÏÎ¿Ï†Î¿ÏÎ¹Î±ÎºÏŒ ÏƒÏÏƒÏ„Î·Î¼Î±
                                                   Ï€Î¿Ï…
You may provide a definition with
\DeclareUnicodeCharacter 


! LaTeX Error: Unicode character Ï€ (U+03C0)
               not set up for use with LaTeX.

See the LaTeX manual or LaTeX Companion for explanation.
Type  H <return>  for immediate help.
 ...                                              
                                                  
l.3 ... Ï€Î»Î·ÏÎ¿Ï†Î¿ÏÎ¹Î±ÎºÏŒ ÏƒÏÏƒÏ„Î·Î¼Î± Ï€
                                                  Î¿Ï…
You may provide a definition with
\DeclareUnicodeCharacter 


! LaTeX Error: Unicode character Î¿ (U+03BF)
               not set up for use with LaTeX.

See the LaTeX manual or LaTeX Companion for explanation.
Type  H <return>  for immediate help.
 ...                                              
                                                  
l.3 ...€Î»Î·ÏÎ¿Ï†Î¿ÏÎ¹Î±ÎºÏŒ ÏƒÏÏƒÏ„Î·Î¼Î± Ï€Î¿
                                                  Ï…
You may provide a definition with
\DeclareUnicodeCharacter 


! LaTeX Error: Unicode character Ï… (U+03C5)
               not set up for use with LaTeX.

See the LaTeX manual or LaTeX Companion for explanation.
Type  H <return>  for immediate help.
 ...                                              
                                                  
l.3 ...»Î·ÏÎ¿Ï†Î¿ÏÎ¹Î±ÎºÏŒ ÏƒÏÏƒÏ„Î·Î¼Î± Ï€Î¿Ï…
                                                  
You may provide a definition with
\DeclareUnicodeCharacter 


! LaTeX Error: Unicode character Î± (U+03B1)
               not set up for use with LaTeX.

See the LaTeX manual or LaTeX Companion for explanation.
Type  H <return>  for immediate help.
 ...                                              
                                                  
l.4 Î±
      Î½Î±Î»ÏÎ¸Î·ÎºÎµ ÎºÎ±Î¹ ÏƒÏ‡ÎµÎ´Î¹Î¬ÏƒÏ„Î·ÎºÎµ Î³Î¹Î± Ï„Î·Î½ ÎµÏ€Î¹Ï‡Î...

You may provide a definition with
\DeclareUnicodeCharacter 


! LaTeX Error: Unicode character Î½ (U+03BD)
               not set up for use with LaTeX.

See the LaTeX manual or LaTeX Companion for explanation.
Type  H <return>  for immediate help.
 ...                                              
                                                  
l.4 Î±Î½
        Î±Î»ÏÎ¸Î·ÎºÎµ ÎºÎ±Î¹ ÏƒÏ‡ÎµÎ´Î¹Î¬ÏƒÏ„Î·ÎºÎµ Î³Î¹Î± Ï„Î·Î½ ÎµÏ€Î¹Ï‡Î...

You may provide a definition with
\DeclareUnicodeCharacter 


! LaTeX Error: Unicode character Î± (U+03B1)
               not set up for use with LaTeX.

See the LaTeX manual or LaTeX Companion for explanation.
Type  H <return>  for immediate help.
 ...                                              
                                                  
l.4 Î±Î½Î±
          Î»ÏÎ¸Î·ÎºÎµ ÎºÎ±Î¹ ÏƒÏ‡ÎµÎ´Î¹Î¬ÏƒÏ„Î·ÎºÎµ Î³Î¹Î± Ï„Î·Î½ ÎµÏ€Î¹Ï‡Î...

You may provide a definition with
\DeclareUnicodeCharacter 


! LaTeX Error: Unicode character Î» (U+03BB)
               not set up for use with LaTeX.

See the LaTeX manual or LaTeX Companion for explanation.
Type  H <return>  for immediate help.
 ...                                              
                                                  
l.4 Î±Î½Î±Î»
            ÏÎ¸Î·ÎºÎµ ÎºÎ±Î¹ ÏƒÏ‡ÎµÎ´Î¹Î¬ÏƒÏ„Î·ÎºÎµ Î³Î¹Î± Ï„Î·Î½ ÎµÏ€Î¹Ï‡Î...

You may provide a definition with
\DeclareUnicodeCharacter 


! LaTeX Error: Unicode character Ï (U+03CD)
               not set up for use with LaTeX.

See the LaTeX manual or LaTeX Companion for explanation.
Type  H <return>  for immediate help.
 ...                                              
                                                  
l.4 Î±Î½Î±Î»Ï
              Î¸Î·ÎºÎµ ÎºÎ±Î¹ ÏƒÏ‡ÎµÎ´Î¹Î¬ÏƒÏ„Î·ÎºÎµ Î³Î¹Î± Ï„Î·Î½ ÎµÏ€Î¹Ï‡Î...

You may provide a definition with
\DeclareUnicodeCharacter 


! LaTeX Error: Unicode character Î¸ (U+03B8)
               not set up for use with LaTeX.

See the LaTeX manual or LaTeX Companion for explanation.
Type  H <return>  for immediate help.
 ...                                              
                                                  
l.4 Î±Î½Î±Î»ÏÎ¸
                Î·ÎºÎµ ÎºÎ±Î¹ ÏƒÏ‡ÎµÎ´Î¹Î¬ÏƒÏ„Î·ÎºÎµ Î³Î¹Î± Ï„Î·Î½ ÎµÏ€Î¹Ï‡Î...

You may provide a definition with
\DeclareUnicodeCharacter 


! LaTeX Error: Unicode character Î· (U+03B7)
               not set up for use with LaTeX.

See the LaTeX manual or LaTeX Companion for explanation.
Type  H <return>  for immediate help.
 ...                                              
                                                  
l.4 Î±Î½Î±Î»ÏÎ¸Î·
                  ÎºÎµ ÎºÎ±Î¹ ÏƒÏ‡ÎµÎ´Î¹Î¬ÏƒÏ„Î·ÎºÎµ Î³Î¹Î± Ï„Î·Î½ ÎµÏ€Î¹Ï‡Î...

You may provide a definition with
\DeclareUnicodeCharacter 


! LaTeX Error: Unicode character Îº (U+03BA)
               not set up for use with LaTeX.

See the LaTeX manual or LaTeX Companion for explanation.
Type  H <return>  for immediate help.
 ...                                              
                                                  
l.4 Î±Î½Î±Î»ÏÎ¸Î·Îº
                    Îµ ÎºÎ±Î¹ ÏƒÏ‡ÎµÎ´Î¹Î¬ÏƒÏ„Î·ÎºÎµ Î³Î¹Î± Ï„Î·Î½ ÎµÏ€Î¹Ï‡Î...

You may provide a definition with
\DeclareUnicodeCharacter 


! LaTeX Error: Unicode character Îµ (U+03B5)
               not set up for use with LaTeX.

See the LaTeX manual or LaTeX Companion for explanation.
Type  H <return>  for immediate help.
 ...                                              
                                                  
l.4 Î±Î½Î±Î»ÏÎ¸Î·ÎºÎµ
                       ÎºÎ±Î¹ ÏƒÏ‡ÎµÎ´Î¹Î¬ÏƒÏ„Î·ÎºÎµ Î³Î¹Î± Ï„Î·Î½ ÎµÏ€Î¹Ï‡Î...

You may provide a definition with
\DeclareUnicodeCharacter 


! LaTeX Error: Unicode character Îº (U+03BA)
               not set up for use with LaTeX.

See the LaTeX manual or LaTeX Companion for explanation.
Type  H <return>  for immediate help.
 ...                                              
                                                  
l.4 Î±Î½Î±Î»ÏÎ¸Î·ÎºÎµ Îº
                         Î±Î¹ ÏƒÏ‡ÎµÎ´Î¹Î¬ÏƒÏ„Î·ÎºÎµ Î³Î¹Î± Ï„Î·Î½ ÎµÏ€Î¹Ï‡Î...

You may provide a definition with
\DeclareUnicodeCharacter 


! LaTeX Error: Unicode character Î± (U+03B1)
               not set up for use with LaTeX.

See the LaTeX manual or LaTeX Companion for explanation.
Type  H <return>  for immediate help.
 ...                                              
                                                  
l.4 Î±Î½Î±Î»ÏÎ¸Î·ÎºÎµ ÎºÎ±
                           Î¹ ÏƒÏ‡ÎµÎ´Î¹Î¬ÏƒÏ„Î·ÎºÎµ Î³Î¹Î± Ï„Î·Î½ ÎµÏ€Î¹Ï‡Î...

You may provide a definition with
\DeclareUnicodeCharacter 


! LaTeX Error: Unicode character Î¹ (U+03B9)
               not set up for use with LaTeX.

See the LaTeX manual or LaTeX Companion for explanation.
Type  H <return>  for immediate help.
 ...                                              
                                                  
l.4 Î±Î½Î±Î»ÏÎ¸Î·ÎºÎµ ÎºÎ±Î¹
                              ÏƒÏ‡ÎµÎ´Î¹Î¬ÏƒÏ„Î·ÎºÎµ Î³Î¹Î± Ï„Î·Î½ ÎµÏ€Î¹Ï‡Î...

You may provide a definition with
\DeclareUnicodeCharacter 


! LaTeX Error: Unicode character Ïƒ (U+03C3)
               not set up for use with LaTeX.

See the LaTeX manual or LaTeX Companion for explanation.
Type  H <return>  for immediate help.
 ...                                              
                                                  
l.4 Î±Î½Î±Î»ÏÎ¸Î·ÎºÎµ ÎºÎ±Î¹ Ïƒ
                                Ï‡ÎµÎ´Î¹Î¬ÏƒÏ„Î·ÎºÎµ Î³Î¹Î± Ï„Î·Î½ ÎµÏ€Î¹Ï‡Î...

You may provide a definition with
\DeclareUnicodeCharacter 


! LaTeX Error: Unicode character Ï‡ (U+03C7)
               not set up for use with LaTeX.

See the LaTeX manual or LaTeX Companion for explanation.
Type  H <return>  for immediate help.
 ...                                              
                                                  
l.4 Î±Î½Î±Î»ÏÎ¸Î·ÎºÎµ ÎºÎ±Î¹ ÏƒÏ‡
                                  ÎµÎ´Î¹Î¬ÏƒÏ„Î·ÎºÎµ Î³Î¹Î± Ï„Î·Î½ ÎµÏ€Î¹Ï‡Î...

You may provide a definition with
\DeclareUnicodeCharacter 


! LaTeX Error: Unicode character Îµ (U+03B5)
               not set up for use with LaTeX.

See the LaTeX manual or LaTeX Companion for explanation.
Type  H <return>  for immediate help.
 ...                                              
                                                  
l.4 Î±Î½Î±Î»ÏÎ¸Î·ÎºÎµ ÎºÎ±Î¹ ÏƒÏ‡Îµ
                                    Î´Î¹Î¬ÏƒÏ„Î·ÎºÎµ Î³Î¹Î± Ï„Î·Î½ ÎµÏ€Î¹Ï‡Î...

You may provide a definition with
\DeclareUnicodeCharacter 


! LaTeX Error: Unicode character Î´ (U+03B4)
               not set up for use with LaTeX.

See the LaTeX manual or LaTeX Companion for explanation.
Type  H <return>  for immediate help.
 ...                                              
                                                  
l.4 Î±Î½Î±Î»ÏÎ¸Î·ÎºÎµ ÎºÎ±Î¹ ÏƒÏ‡ÎµÎ´
                                      Î¹Î¬ÏƒÏ„Î·ÎºÎµ Î³Î¹Î± Ï„Î·Î½ ÎµÏ€Î¹Ï‡Î...

You may provide a definition with
\DeclareUnicodeCharacter 


! LaTeX Error: Unicode character Î¹ (U+03B9)
               not set up for use with LaTeX.

See the LaTeX manual or LaTeX Companion for explanation.
Type  H <return>  for immediate help.
 ...                                              
                                                  
l.4 Î±Î½Î±Î»ÏÎ¸Î·ÎºÎµ ÎºÎ±Î¹ ÏƒÏ‡ÎµÎ´Î¹
                                        Î¬ÏƒÏ„Î·ÎºÎµ Î³Î¹Î± Ï„Î·Î½ ÎµÏ€Î¹Ï‡Î...

You may provide a definition with
\DeclareUnicodeCharacter 


! LaTeX Error: Unicode character Î¬ (U+03AC)
               not set up for use with LaTeX.

See the LaTeX manual or LaTeX Companion for explanation.
Type  H <return>  for immediate help.
 ...                                              
                                                  
l.4 Î±Î½Î±Î»ÏÎ¸Î·ÎºÎµ ÎºÎ±Î¹ ÏƒÏ‡ÎµÎ´Î¹Î¬
                                          ÏƒÏ„Î·ÎºÎµ Î³Î¹Î± Ï„Î·Î½ ÎµÏ€Î¹Ï‡Î...

You may provide a definition with
\DeclareUnicodeCharacter 


! LaTeX Error: Unicode character Ïƒ (U+03C3)
               not set up for use with LaTeX.

See the LaTeX manual or LaTeX Companion for explanation.
Type  H <return>  for immediate help.
 ...                                              
                                                  
l.4 Î±Î½Î±Î»ÏÎ¸Î·ÎºÎµ ÎºÎ±Î¹ ÏƒÏ‡ÎµÎ´Î¹Î¬Ïƒ
                                            Ï„Î·ÎºÎµ Î³Î¹Î± Ï„Î·Î½ ÎµÏ€Î¹Ï‡Î...

You may provide a definition with
\DeclareUnicodeCharacter 


! LaTeX Error: Unicode character Ï„ (U+03C4)
               not set up for use with LaTeX.

See the LaTeX manual or LaTeX Companion for explanation.
Type  H <return>  for immediate help.
 ...                                              
                                                  
l.4 Î±Î½Î±Î»ÏÎ¸Î·ÎºÎµ ÎºÎ±Î¹ ÏƒÏ‡ÎµÎ´Î¹Î¬ÏƒÏ„
                                              Î·ÎºÎµ Î³Î¹Î± Ï„Î·Î½ ÎµÏ€Î¹Ï‡Î...

You may provide a definition with
\DeclareUnicodeCharacter 


! LaTeX Error: Unicode character Î· (U+03B7)
               not set up for use with LaTeX.

See the LaTeX manual or LaTeX Companion for explanation.
Type  H <return>  for immediate help.
 ...                                              
                                                  
l.4 Î±Î½Î±Î»ÏÎ¸Î·ÎºÎµ ÎºÎ±Î¹ ÏƒÏ‡ÎµÎ´Î¹Î¬ÏƒÏ„Î·
                                                ÎºÎµ Î³Î¹Î± Ï„Î·Î½ ÎµÏ€Î¹Ï‡Î...

You may provide a definition with
\DeclareUnicodeCharacter 


! LaTeX Error: Unicode character Îº (U+03BA)
               not set up for use with LaTeX.

See the LaTeX manual or LaTeX Companion for explanation.
Type  H <return>  for immediate help.
 ...                                              
                                                  
l.4 Î±Î½Î±Î»ÏÎ¸Î·ÎºÎµ ÎºÎ±Î¹ ÏƒÏ‡ÎµÎ´Î¹Î¬ÏƒÏ„Î·Îº
                                                  Îµ Î³Î¹Î± Ï„Î·Î½ ÎµÏ€Î¹Ï‡Î...

You may provide a definition with
\DeclareUnicodeCharacter 


! LaTeX Error: Unicode character Îµ (U+03B5)
               not set up for use with LaTeX.

See the LaTeX manual or LaTeX Companion for explanation.
Type  H <return>  for immediate help.
 ...                                              
                                                  
l.4 ...±Î»ÏÎ¸Î·ÎºÎµ ÎºÎ±Î¹ ÏƒÏ‡ÎµÎ´Î¹Î¬ÏƒÏ„Î·ÎºÎµ
                                                   Î³Î¹Î± Ï„Î·Î½ ÎµÏ€Î¹Ï‡ÎµÎ...

You may provide a definition with
\DeclareUnicodeCharacter 


! LaTeX Error: Unicode character Î³ (U+03B3)
               not set up for use with LaTeX.

See the LaTeX manual or LaTeX Companion for explanation.
Type  H <return>  for immediate help.
 ...                                              
                                                  
l.4 ...ÏÎ¸Î·ÎºÎµ ÎºÎ±Î¹ ÏƒÏ‡ÎµÎ´Î¹Î¬ÏƒÏ„Î·ÎºÎµ Î³
                                                  Î¹Î± Ï„Î·Î½ ÎµÏ€Î¹Ï‡ÎµÎ¯Ï...

You may provide a definition with
\DeclareUnicodeCharacter 


! LaTeX Error: Unicode character Î¹ (U+03B9)
               not set up for use with LaTeX.

See the LaTeX manual or LaTeX Companion for explanation.
Type  H <return>  for immediate help.
 ...                                              
                                                  
l.4 ...Î¸Î·ÎºÎµ ÎºÎ±Î¹ ÏƒÏ‡ÎµÎ´Î¹Î¬ÏƒÏ„Î·ÎºÎµ Î³Î¹
                                                  Î± Ï„Î·Î½ ÎµÏ€Î¹Ï‡ÎµÎ¯ÏÎ·...

You may provide a definition with
\DeclareUnicodeCharacter 


! LaTeX Error: Unicode character Î± (U+03B1)
               not set up for use with LaTeX.

See the LaTeX manual or LaTeX Companion for explanation.
Type  H <return>  for immediate help.
 ...                                              
                                                  
l.4 ...Î·ÎºÎµ ÎºÎ±Î¹ ÏƒÏ‡ÎµÎ´Î¹Î¬ÏƒÏ„Î·ÎºÎµ Î³Î¹Î±
                                                   Ï„Î·Î½ ÎµÏ€Î¹Ï‡ÎµÎ¯ÏÎ·Ïƒ...

You may provide a definition with
\DeclareUnicodeCharacter 


! LaTeX Error: Unicode character Ï„ (U+03C4)
               not set up for use with LaTeX.

See the LaTeX manual or LaTeX Companion for explanation.
Type  H <return>  for immediate help.
 ...                                              
                                                  
l.4 ...ºÎµ ÎºÎ±Î¹ ÏƒÏ‡ÎµÎ´Î¹Î¬ÏƒÏ„Î·ÎºÎµ Î³Î¹Î± Ï„
                                                  Î·Î½ ÎµÏ€Î¹Ï‡ÎµÎ¯ÏÎ·ÏƒÎ· ...

You may provide a definition with
\DeclareUnicodeCharacter 


! LaTeX Error: Unicode character Î· (U+03B7)
               not set up for use with LaTeX.

See the LaTeX manual or LaTeX Companion for explanation.
Type  H <return>  for immediate help.
 ...                                              
                                                  
l.4 ...µ ÎºÎ±Î¹ ÏƒÏ‡ÎµÎ´Î¹Î¬ÏƒÏ„Î·ÎºÎµ Î³Î¹Î± Ï„Î·
                                                  Î½ ÎµÏ€Î¹Ï‡ÎµÎ¯ÏÎ·ÏƒÎ· Ba...

You may provide a definition with
\DeclareUnicodeCharacter 


! LaTeX Error: Unicode character Î½ (U+03BD)
               not set up for use with LaTeX.

See the LaTeX manual or LaTeX Companion for explanation.
Type  H <return>  for immediate help.
 ...                                              
                                                  
l.4 ...ÎºÎ±Î¹ ÏƒÏ‡ÎµÎ´Î¹Î¬ÏƒÏ„Î·ÎºÎµ Î³Î¹Î± Ï„Î·Î½
                                                   ÎµÏ€Î¹Ï‡ÎµÎ¯ÏÎ·ÏƒÎ· Bala...

You may provide a definition with
\DeclareUnicodeCharacter 


! LaTeX Error: Unicode character Îµ (U+03B5)
               not set up for use with LaTeX.

See the LaTeX manual or LaTeX Companion for explanation.
Type  H <return>  for immediate help.
 ...                                              
                                                  
l.4 ...±Î¹ ÏƒÏ‡ÎµÎ´Î¹Î¬ÏƒÏ„Î·ÎºÎµ Î³Î¹Î± Ï„Î·Î½ Îµ
                                                  Ï€Î¹Ï‡ÎµÎ¯ÏÎ·ÏƒÎ· Balance...

You may provide a definition with
\DeclareUnicodeCharacter 


! LaTeX Error: Unicode character Ï€ (U+03C0)
               not set up for use with LaTeX.

See the LaTeX manual or LaTeX Companion for explanation.
Type  H <return>  for immediate help.
 ...                                              
                                                  
l.4 ...¹ ÏƒÏ‡ÎµÎ´Î¹Î¬ÏƒÏ„Î·ÎºÎµ Î³Î¹Î± Ï„Î·Î½ ÎµÏ€
                                                  Î¹Ï‡ÎµÎ¯ÏÎ·ÏƒÎ· Balance H...

You may provide a definition with
\DeclareUnicodeCharacter 


! LaTeX Error: Unicode character Î¹ (U+03B9)
               not set up for use with LaTeX.

See the LaTeX manual or LaTeX Companion for explanation.
Type  H <return>  for immediate help.
 ...                                              
                                                  
l.4 ...ÏƒÏ‡ÎµÎ´Î¹Î¬ÏƒÏ„Î·ÎºÎµ Î³Î¹Î± Ï„Î·Î½ ÎµÏ€Î¹
                                                  Ï‡ÎµÎ¯ÏÎ·ÏƒÎ· Balance Hot...

You may provide a definition with
\DeclareUnicodeCharacter 


! LaTeX Error: Unicode character Ï‡ (U+03C7)
               not set up for use with LaTeX.

See the LaTeX manual or LaTeX Companion for explanation.
Type  H <return>  for immediate help.
 ...                                              
                                                  
l.4 ...Ï‡ÎµÎ´Î¹Î¬ÏƒÏ„Î·ÎºÎµ Î³Î¹Î± Ï„Î·Î½ ÎµÏ€Î¹Ï‡
                                                  ÎµÎ¯ÏÎ·ÏƒÎ· Balance Hotel...

You may provide a definition with
\DeclareUnicodeCharacter 


! LaTeX Error: Unicode character Îµ (U+03B5)
               not set up for use with LaTeX.

See the LaTeX manual or LaTeX Companion for explanation.
Type  H <return>  for immediate help.
 ...                                              
                                                  
l.4 ...ÎµÎ´Î¹Î¬ÏƒÏ„Î·ÎºÎµ Î³Î¹Î± Ï„Î·Î½ ÎµÏ€Î¹Ï‡Îµ
                                                  Î¯ÏÎ·ÏƒÎ· Balance Hotel Ï...
(That makes 100 errors; please try again.) 
Here is how much of TeX's memory you used:
 45 strings out of 478353
 721 string characters out of 5854634
 295989 words of memory out of 5000000
 18272 multiletter control sequences out of 15000+600000
 403430 words of font info for 27 fonts, out of 8000000 for 9000
 1141 hyphenation exceptions out of 8191
 13i,0n,12p,142b,23s stack positions out of 5000i,500n,10000p,200000b,80000s

!  ==> Fatal error occurred, no output PDF file produced!
